mode: set
github.com/cmd-stream/base/client/client.go:30.46,46.2 3 1
github.com/cmd-stream/base/client/client.go:96.27,104.16 8 1
github.com/cmd-stream/base/client/client.go:104.16,108.3 3 1
github.com/cmd-stream/base/client/client.go:109.2,110.32 2 1
github.com/cmd-stream/base/client/client.go:118.61,126.16 8 1
github.com/cmd-stream/base/client/client.go:126.16,130.3 3 1
github.com/cmd-stream/base/client/client.go:131.2,132.16 2 1
github.com/cmd-stream/base/client/client.go:132.16,136.3 3 1
github.com/cmd-stream/base/client/client.go:137.2,138.32 2 1
github.com/cmd-stream/base/client/client.go:143.44,146.2 2 1
github.com/cmd-stream/base/client/client.go:153.42,155.2 1 1
github.com/cmd-stream/base/client/client.go:158.44,160.2 1 1
github.com/cmd-stream/base/client/client.go:163.39,168.2 4 1
github.com/cmd-stream/base/client/client.go:171.41,175.42 4 1
github.com/cmd-stream/base/client/client.go:175.42,178.3 2 1
github.com/cmd-stream/base/client/client.go:179.2,180.8 2 1
github.com/cmd-stream/base/client/client.go:183.62,191.6 3 1
github.com/cmd-stream/base/client/client.go:191.6,193.17 2 1
github.com/cmd-stream/base/client/client.go:193.17,195.4 1 1
github.com/cmd-stream/base/client/client.go:196.3,196.23 1 1
github.com/cmd-stream/base/client/client.go:196.23,198.4 1 1
github.com/cmd-stream/base/client/client.go:198.9,200.4 1 1
github.com/cmd-stream/base/client/client.go:201.3,201.31 1 1
github.com/cmd-stream/base/client/client.go:201.31,203.12 2 1
github.com/cmd-stream/base/client/client.go:205.3,205.10 1 1
github.com/cmd-stream/base/client/client.go:206.21,207.27 1 1
github.com/cmd-stream/base/client/client.go:208.62,209.12 1 1
github.com/cmd-stream/base/client/client.go:214.77,218.2 3 1
github.com/cmd-stream/base/client/client.go:220.46,224.2 3 1
github.com/cmd-stream/base/client/client.go:227.45,230.9 3 1
github.com/cmd-stream/base/client/client.go:230.9,232.3 1 1
github.com/cmd-stream/base/client/client.go:233.2,234.8 2 1
github.com/cmd-stream/base/client/client.go:238.12,243.2 4 1
github.com/cmd-stream/base/client/client.go:245.70,246.70 1 1
github.com/cmd-stream/base/client/client.go:246.70,248.17 2 0
github.com/cmd-stream/base/client/client.go:248.17,251.4 2 0
github.com/cmd-stream/base/client/client.go:252.3,252.9 1 0
github.com/cmd-stream/base/client/client.go:254.2,256.16 3 1
github.com/cmd-stream/base/client/client.go:256.16,262.3 5 1
github.com/cmd-stream/base/client/client.go:263.2,266.8 4 1
github.com/cmd-stream/base/client/client.go:269.34,272.2 2 1
github.com/cmd-stream/base/client/client.go:275.58,277.38 2 1
github.com/cmd-stream/base/client/client.go:277.38,280.3 2 1
github.com/cmd-stream/base/client/client.go:281.2,281.17 1 1
github.com/cmd-stream/base/client/client.go:284.51,286.23 2 1
github.com/cmd-stream/base/client/client.go:286.23,287.43 1 1
github.com/cmd-stream/base/client/client.go:287.43,290.4 2 0
github.com/cmd-stream/base/client/client.go:292.2,298.8 6 1
github.com/cmd-stream/base/client/client.go:301.48,302.75 1 1
github.com/cmd-stream/base/client/client.go:302.75,304.3 1 1
github.com/cmd-stream/base/client/client.go:307.49,310.17 3 1
github.com/cmd-stream/base/client/client.go:311.18,312.13 1 1
github.com/cmd-stream/base/client/client.go:313.14,314.19 1 1
github.com/cmd-stream/base/client/client.go:315.10,316.28 1 0
github.com/cmd-stream/base/client/client.go:320.61,321.1 1 1
github.com/cmd-stream/base/client/client.go:322.2,323.16 2 1
github.com/cmd-stream/base/client/client.go:323.16,325.37 2 1
github.com/cmd-stream/base/client/client.go:325.37,326.78 1 1
github.com/cmd-stream/base/client/client.go:326.78,327.48 1 1
github.com/cmd-stream/base/client/client.go:327.48,328.16 1 1
github.com/cmd-stream/base/client/client.go:333.2,333.40 1 1
github.com/cmd-stream/base/client/client.go:333.40,334.13 1 0
github.com/cmd-stream/base/client/client.go:338.79,339.9 1 1
github.com/cmd-stream/base/client/client.go:340.57,340.57 0 0
github.com/cmd-stream/base/client/client.go:341.10,341.10 0 1
github.com/cmd-stream/base/client/client.go:345.31,348.2 2 1
github.com/cmd-stream/base/server/conn_receiver.go:19.37,26.2 1 1
github.com/cmd-stream/base/server/conn_receiver.go:43.42,44.15 1 1
github.com/cmd-stream/base/server/conn_receiver.go:44.15,46.3 1 1
github.com/cmd-stream/base/server/conn_receiver.go:47.2,47.43 1 1
github.com/cmd-stream/base/server/conn_receiver.go:47.43,49.3 1 1
github.com/cmd-stream/base/server/conn_receiver.go:50.2,50.38 1 1
github.com/cmd-stream/base/server/conn_receiver.go:55.47,57.2 1 1
github.com/cmd-stream/base/server/conn_receiver.go:60.43,62.2 1 1
github.com/cmd-stream/base/server/conn_receiver.go:64.54,65.34 1 1
github.com/cmd-stream/base/server/conn_receiver.go:65.34,66.16 1 1
github.com/cmd-stream/base/server/conn_receiver.go:66.16,67.18 1 1
github.com/cmd-stream/base/server/conn_receiver.go:67.18,69.5 1 1
github.com/cmd-stream/base/server/conn_receiver.go:71.3,72.17 2 1
github.com/cmd-stream/base/server/conn_receiver.go:72.17,74.4 1 1
github.com/cmd-stream/base/server/conn_receiver.go:76.2,77.16 2 1
github.com/cmd-stream/base/server/conn_receiver.go:77.16,79.3 1 1
github.com/cmd-stream/base/server/conn_receiver.go:80.2,80.26 1 1
github.com/cmd-stream/base/server/conn_receiver.go:83.50,85.6 2 1
github.com/cmd-stream/base/server/conn_receiver.go:85.6,87.17 2 1
github.com/cmd-stream/base/server/conn_receiver.go:87.17,89.4 1 1
github.com/cmd-stream/base/server/conn_receiver.go:90.3,90.42 1 1
github.com/cmd-stream/base/server/conn_receiver.go:90.42,92.4 1 0
github.com/cmd-stream/base/server/conn_receiver.go:96.55,97.9 1 1
github.com/cmd-stream/base/server/conn_receiver.go:98.19,99.38 1 1
github.com/cmd-stream/base/server/conn_receiver.go:99.38,100.14 1 0
github.com/cmd-stream/base/server/conn_receiver.go:102.3,102.19 1 1
github.com/cmd-stream/base/server/conn_receiver.go:103.23,104.13 1 1
github.com/cmd-stream/base/server/conn_receiver.go:108.57,111.27 3 1
github.com/cmd-stream/base/server/conn_receiver.go:111.27,113.43 2 1
github.com/cmd-stream/base/server/conn_receiver.go:113.43,116.4 2 0
github.com/cmd-stream/base/server/conn_receiver.go:117.3,117.19 1 1
github.com/cmd-stream/base/server/conn_receiver.go:119.2,119.8 1 1
github.com/cmd-stream/base/server/conn_receiver.go:122.52,125.17 3 1
github.com/cmd-stream/base/server/conn_receiver.go:126.18,127.13 1 1
github.com/cmd-stream/base/server/conn_receiver.go:128.16,129.13 1 1
github.com/cmd-stream/base/server/conn_receiver.go:130.14,131.19 1 1
github.com/cmd-stream/base/server/conn_receiver.go:132.10,133.28 1 0
github.com/cmd-stream/base/server/conn_receiver.go:137.34,141.25 4 1
github.com/cmd-stream/base/server/conn_receiver.go:141.25,143.3 1 1
github.com/cmd-stream/base/server/conn_receiver.go:144.2,144.28 1 1
github.com/cmd-stream/base/server/conn_receiver.go:144.28,145.38 1 1
github.com/cmd-stream/base/server/conn_receiver.go:145.38,146.14 1 0
github.com/cmd-stream/base/server/server.go:27.60,28.30 1 1
github.com/cmd-stream/base/server/server.go:28.30,30.3 1 1
github.com/cmd-stream/base/server/server.go:31.2,37.32 4 1
github.com/cmd-stream/base/server/server.go:37.32,39.3 1 1
github.com/cmd-stream/base/server/server.go:40.2,41.48 2 1
github.com/cmd-stream/base/server/server.go:47.41,48.18 1 1
github.com/cmd-stream/base/server/server.go:48.18,50.3 1 1
github.com/cmd-stream/base/server/server.go:51.2,51.30 1 1
github.com/cmd-stream/base/server/server.go:57.38,58.18 1 1
github.com/cmd-stream/base/server/server.go:58.18,60.3 1 1
github.com/cmd-stream/base/server/server.go:61.2,61.26 1 1
github.com/cmd-stream/base/server/server.go:64.77,68.2 3 1
github.com/cmd-stream/base/server/server.go:71.26,74.34 3 1
github.com/cmd-stream/base/server/server.go:74.34,76.3 1 1
github.com/cmd-stream/base/server/server.go:77.2,77.8 1 1
github.com/cmd-stream/base/server/server.go:80.33,84.2 3 1
github.com/cmd-stream/base/server/worker.go:13.10,16.2 2 1
github.com/cmd-stream/base/server/worker.go:34.35,39.6 2 1
github.com/cmd-stream/base/server/worker.go:39.6,40.10 1 1
github.com/cmd-stream/base/server/worker.go:41.23,42.20 1 1
github.com/cmd-stream/base/server/worker.go:43.31,44.13 1 1
github.com/cmd-stream/base/server/worker.go:44.13,46.5 1 1
github.com/cmd-stream/base/server/worker.go:47.4,48.18 2 1
github.com/cmd-stream/base/server/worker.go:48.18,49.32 1 1
github.com/cmd-stream/base/server/worker.go:49.32,51.6 1 1
github.com/cmd-stream/base/server/worker.go:52.5,52.26 1 1
github.com/cmd-stream/base/server/worker.go:52.26,54.6 1 1
github.com/cmd-stream/base/server/worker.go:55.5,55.25 1 1
github.com/cmd-stream/base/server/worker.go:55.25,57.6 1 1
github.com/cmd-stream/base/server/worker.go:63.36,66.2 2 1
